2018-06-19 11:33:31,917 [Worker-3] INFO  c.g.t.t.d.PublishedGradleVersions - Gradle version information cache is up-to-date. Trying to read.
2018-06-19 11:34:00,511 [Worker-10] INFO  o.e.m.c.i.l.LifecycleMappingFactory - Using org.maven.ide.eclipse.wtp.WarLifecycleMapping lifecycle mapping for MavenProject: com.factory:factory:0.0.1-SNAPSHOT @ C:\Users\ajc\eclipse-workspace\JavaAvance\git_Factory\factory\pom.xml.
2018-06-19 11:34:05,577 [Worker-10] INFO  o.e.m.j.i.AbstractJavaProjectConfigurator - Adding source folder /factory/src/main/java
2018-06-19 11:34:05,579 [Worker-10] INFO  o.e.m.j.i.AbstractJavaProjectConfigurator - Adding resource folder /factory/src/main/resources
2018-06-19 11:34:05,617 [Worker-10] INFO  o.e.m.j.i.AbstractJavaProjectConfigurator - Adding source folder /factory/src/test/java
2018-06-19 11:34:05,618 [Worker-10] INFO  o.e.m.j.i.AbstractJavaProjectConfigurator - Adding resource folder /factory/src/test/resources
2018-06-19 11:34:18,435 [Worker-10] INFO  o.e.m.c.i.p.ProjectConfigurationManager - Imported and configured 1 project(s) in 26 sec
2018-06-19 11:35:06,267 [Worker-10] INFO  o.e.m.c.i.embedder.EclipseLogger - Using 'UTF-8' encoding to copy filtered resources.
2018-06-19 11:35:06,274 [Worker-10] INFO  o.e.m.c.i.embedder.EclipseLogger - Copying 3 resources
2018-06-19 11:35:06,453 [Worker-10] INFO  o.e.m.c.i.embedder.EclipseLogger - Copying 30 resources
2018-06-19 11:35:06,876 [Worker-10] INFO  o.e.m.c.i.embedder.EclipseLogger - Using 'UTF-8' encoding to copy filtered resources.
2018-06-19 11:35:06,876 [Worker-10] INFO  o.e.m.c.i.embedder.EclipseLogger - Copying 3 resources
2018-06-19 11:35:06,895 [Worker-10] INFO  o.e.m.c.i.embedder.EclipseLogger - Copying 30 resources
2018-06-19 11:35:06,900 [Worker-10] INFO  o.e.m.c.i.embedder.EclipseLogger - Using 'UTF-8' encoding to copy filtered resources.
2018-06-19 11:35:06,900 [Worker-10] INFO  o.e.m.c.i.embedder.EclipseLogger - Copying 2 resources
2018-06-19 11:35:06,903 [Worker-10] INFO  o.e.m.c.i.embedder.EclipseLogger - Using 'UTF-8' encoding to copy filtered resources.
2018-06-19 11:35:06,905 [Worker-10] INFO  o.e.m.c.i.embedder.EclipseLogger - Copying 4 resources
2018-06-19 11:35:06,931 [Worker-10] INFO  o.e.m.w.i.f.ResourceFilteringBuildParticipant - Executing resource filtering for factory
2018-06-19 11:35:06,939 [Worker-10] INFO  o.e.m.c.i.embedder.EclipseLogger - Using 'UTF-8' encoding to copy filtered resources.
2018-06-19 11:35:06,946 [Worker-10] INFO  o.e.m.c.i.embedder.EclipseLogger - Copying 0 resource
2018-06-19 11:37:25,877 [Worker-5] INFO  o.e.m.c.i.embedder.EclipseLogger - Using 'UTF-8' encoding to copy filtered resources.
2018-06-19 11:37:25,880 [Worker-5] INFO  o.e.m.c.i.embedder.EclipseLogger - Copying 0 resource
2018-06-19 11:37:25,880 [Worker-5] INFO  o.e.m.c.i.embedder.EclipseLogger - Copying 0 resource
2018-06-19 11:37:25,884 [Worker-5] INFO  o.e.m.c.i.embedder.EclipseLogger - Using 'UTF-8' encoding to copy filtered resources.
2018-06-19 11:37:25,886 [Worker-5] INFO  o.e.m.c.i.embedder.EclipseLogger - Copying 0 resource
2018-06-19 11:37:25,887 [Worker-5] INFO  o.e.m.c.i.embedder.EclipseLogger - Copying 0 resource
2018-06-19 11:37:25,892 [Worker-5] INFO  o.e.m.c.i.embedder.EclipseLogger - Using 'UTF-8' encoding to copy filtered resources.
2018-06-19 11:37:25,893 [Worker-5] INFO  o.e.m.c.i.embedder.EclipseLogger - Copying 0 resource
2018-06-19 11:37:25,895 [Worker-5] INFO  o.e.m.c.i.embedder.EclipseLogger - Using 'UTF-8' encoding to copy filtered resources.
2018-06-19 11:37:25,895 [Worker-5] INFO  o.e.m.c.i.embedder.EclipseLogger - Copying 0 resource
